<?xml version="1.0" encoding="UTF-8"?>
<!-- Generated by org.testng.reporters.JUnitReportReporter -->
<testsuite hostname="PC-2" name="com.fisoc.user.RedeemMerchanteRewardTest" tests="1" failures="0" timestamp="18 Mar 2015 11:40:14 GMT" time="68.586" errors="0">
  <testcase name="userActivityTest" time="68.586" classname="com.fisoc.user.RedeemMerchanteRewardTest"/>
</testsuite> <!-- com.fisoc.user.RedeemMerchanteRewardTest -->
