<?xml version="1.0" encoding="UTF-8"?>
<!-- Generated by org.testng.reporters.JUnitReportReporter -->
<testsuite hostname="PC-3" name="com.fisoc.admin.AdminPasswordResetTest" tests="3" failures="0" timestamp="30 Jan 2015 14:23:07 GMT" time="125.289" errors="0">
  <testcase name="browserSetup" time="3.684" classname="com.fisoc.admin.AdminPasswordResetTest"/>
  <testcase name="browserClose" time="0.222" classname="com.fisoc.admin.AdminPasswordResetTest"/>
  <testcase name="adminPasswordTest" time="121.383" classname="com.fisoc.admin.AdminPasswordResetTest"/>
</testsuite> <!-- com.fisoc.admin.AdminPasswordResetTest -->
