<?xml version="1.0" encoding="UTF-8"?>
<!-- Generated by org.testng.reporters.JUnitReportReporter -->
<testsuite hostname="PC-2" name="com.fisoc.admin.AdminLoginPageTest" tests="1" failures="0" timestamp="17 Mar 2015 07:48:02 GMT" time="33.632" errors="0">
  <testcase name="adminPageLoginTest" time="33.632" classname="com.fisoc.admin.AdminLoginPageTest"/>
</testsuite> <!-- com.fisoc.admin.AdminLoginPageTest -->
