<?xml version="1.0" encoding="UTF-8"?>
<!-- Generated by org.testng.reporters.JUnitReportReporter -->
<testsuite hostname="PC-2" name="com.fisoc.admin.AdminPageLoginTest" tests="3" failures="0" timestamp="13 Mar 2015 12:28:24 GMT" time="38.549" errors="0">
  <testcase name="adminLoginTest" time="33.056" classname="com.fisoc.admin.AdminPageLoginTest"/>
  <testcase name="browserClose" time="0.345" classname="com.fisoc.admin.AdminPageLoginTest"/>
  <testcase name="browserSetup" time="5.148" classname="com.fisoc.admin.AdminPageLoginTest"/>
</testsuite> <!-- com.fisoc.admin.AdminPageLoginTest -->
