<?xml version="1.0" encoding="UTF-8"?>
<!-- Generated by org.testng.reporters.JUnitReportReporter -->
<testsuite hostname="PC-3" name="com.fisoc.user.FinancialInstitutionPasswordReset" tests="3" failures="0" timestamp="30 Jan 2015 07:05:02 GMT" time="80.376" errors="0">
  <testcase name="fiPasswordTest" time="76.200" classname="com.fisoc.user.FinancialInstitutionPasswordReset"/>
  <testcase name="browserClose" time="0.152" classname="com.fisoc.user.FinancialInstitutionPasswordReset"/>
  <testcase name="browserSetup" time="4.024" classname="com.fisoc.user.FinancialInstitutionPasswordReset"/>
</testsuite> <!-- com.fisoc.user.FinancialInstitutionPasswordReset -->
