<?xml version="1.0" encoding="UTF-8"?>
<!-- Generated by org.testng.reporters.JUnitReportReporter -->
<testsuite hostname="PC-3" name="com.fisoc.admin.TellerOnBoardBankUserTest" tests="3" failures="0" timestamp="16 Feb 2015 08:05:06 GMT" time="107.102" errors="0">
  <testcase name="browserSetup" time="3.841" classname="com.fisoc.admin.TellerOnBoardBankUserTest"/>
  <testcase name="browserClose" time="0.154" classname="com.fisoc.admin.TellerOnBoardBankUserTest"/>
  <testcase name="tellerOnBoard" time="103.107" classname="com.fisoc.admin.TellerOnBoardBankUserTest"/>
</testsuite> <!-- com.fisoc.admin.TellerOnBoardBankUserTest -->
