<?xml version="1.0" encoding="UTF-8"?>
<!-- Generated by org.testng.reporters.JUnitReportReporter -->
<testsuite hostname="PC-2" name="com.fisoc.admin.AdminFutureChangeRequestTest" tests="3" failures="0" timestamp="11 Mar 2015 12:38:06 GMT" time="154.280" errors="0">
  <testcase name="changeRequest" time="149.496" classname="com.fisoc.admin.AdminFutureChangeRequestTest"/>
  <testcase name="browserSetup" time="4.782" classname="com.fisoc.admin.AdminFutureChangeRequestTest"/>
  <testcase name="browserClose" time="0.002" classname="com.fisoc.admin.AdminFutureChangeRequestTest"/>
</testsuite> <!-- com.fisoc.admin.AdminFutureChangeRequestTest -->
