<?xml version="1.0" encoding="UTF-8"?>
<!-- Generated by org.testng.reporters.JUnitReportReporter -->
<testsuite hostname="PC-3" name="com.fisoc.user.UserHomePasswordResetTest" tests="3" failures="0" timestamp="30 Jan 2015 13:54:02 GMT" time="42.655" errors="0">
  <testcase name="browserClose" time="0.170" classname="com.fisoc.user.UserHomePasswordResetTest"/>
  <testcase name="userHomePasswordTest" time="39.607" classname="com.fisoc.user.UserHomePasswordResetTest"/>
  <testcase name="browserSetup" time="2.878" classname="com.fisoc.user.UserHomePasswordResetTest"/>
</testsuite> <!-- com.fisoc.user.UserHomePasswordResetTest -->
