<?xml version="1.0" encoding="UTF-8"?>
<!-- Generated by org.testng.reporters.JUnitReportReporter -->
<testsuite hostname="PC-3" name="com.fisoc.user.UserTermsAndConditionsTest" tests="3" failures="0" timestamp="30 Jan 2015 12:52:23 GMT" time="27.976" errors="0">
  <testcase name="userHomePageClose" time="0.001" classname="com.fisoc.user.UserTermsAndConditionsTest"/>
  <testcase name="userHomePageSetup" time="3.925" classname="com.fisoc.user.UserTermsAndConditionsTest"/>
  <testcase name="userHomePageLoginTest" time="24.050" classname="com.fisoc.user.UserTermsAndConditionsTest"/>
</testsuite> <!-- com.fisoc.user.UserTermsAndConditionsTest -->
