<?xml version="1.0" encoding="UTF-8"?>
<!-- Generated by org.testng.reporters.JUnitReportReporter -->
<testsuite hostname="PC-3" name="com.fisoc.user.UserSignUpCreditUnionTest" tests="3" failures="0" timestamp="30 Jan 2015 13:54:02 GMT" time="52.985" errors="0">
  <testcase name="adminPageClose" time="0.186" classname="com.fisoc.user.UserSignUpCreditUnionTest"/>
  <testcase name="driverSetup" time="2.663" classname="com.fisoc.user.UserSignUpCreditUnionTest"/>
  <testcase name="adminLoginTest" time="50.136" classname="com.fisoc.user.UserSignUpCreditUnionTest"/>
</testsuite> <!-- com.fisoc.user.UserSignUpCreditUnionTest -->
