<?xml version="1.0" encoding="UTF-8"?>
<!-- Generated by org.testng.reporters.JUnitReportReporter -->
<testsuite hostname="PC-2" name="com.fisoc.admin.SetUpMerchanteRewardTest" tests="1" failures="0" timestamp="17 Mar 2015 09:51:32 GMT" time="75.036" errors="0">
  <testcase name="setUpeRewardTest" time="75.036" classname="com.fisoc.admin.SetUpMerchanteRewardTest"/>
</testsuite> <!-- com.fisoc.admin.SetUpMerchanteRewardTest -->
