<?xml version="1.0" encoding="UTF-8"?>
<!-- Generated by org.testng.reporters.JUnitReportReporter -->
<testsuite hostname="PC-3" name="com.fisoc.admin.AdminBrowseAllFinancialInstitutionTest" tests="3" failures="0" timestamp="5 Feb 2015 13:36:14 GMT" time="279.501" errors="0">
  <testcase name="browserSetup" time="4.166" classname="com.fisoc.admin.AdminBrowseAllFinancialInstitutionTest"/>
  <testcase name="browserClose" time="88.862" classname="com.fisoc.admin.AdminBrowseAllFinancialInstitutionTest"/>
  <testcase name="adminBrowseFinancialInstitutionUsers" time="186.473" classname="com.fisoc.admin.AdminBrowseAllFinancialInstitutionTest"/>
</testsuite> <!-- com.fisoc.admin.AdminBrowseAllFinancialInstitutionTest -->
