<?xml version="1.0" encoding="UTF-8"?>
<!-- Generated by org.testng.reporters.JUnitReportReporter -->
<testsuite hostname="PC-2" name="com.fisoc.admin.UploadTransactionBatchFileTest" tests="3" failures="0" timestamp="12 Mar 2015 15:45:15 GMT" time="137.575" errors="0">
  <testcase name="adminLoginTest" time="131.484" classname="com.fisoc.admin.UploadTransactionBatchFileTest"/>
  <testcase name="browserClose" time="0.405" classname="com.fisoc.admin.UploadTransactionBatchFileTest"/>
  <testcase name="browserSetup" time="5.686" classname="com.fisoc.admin.UploadTransactionBatchFileTest"/>
</testsuite> <!-- com.fisoc.admin.UploadTransactionBatchFileTest -->
