<?xml version="1.0" encoding="UTF-8"?>
<!-- Generated by org.testng.reporters.JUnitReportReporter -->
<testsuite hostname="PC-2" name="com.fisoc.user.UserActivityPageTest" tests="1" failures="0" timestamp="18 Mar 2015 12:05:31 GMT" time="43.875" errors="0">
  <testcase name="redeemeRewardTest" time="43.875" classname="com.fisoc.user.UserActivityPageTest"/>
</testsuite> <!-- com.fisoc.user.UserActivityPageTest -->
