<?xml version="1.0" encoding="UTF-8"?>
<!-- Generated by org.testng.reporters.JUnitReportReporter -->
<testsuite hostname="PC-3" name="com.fisoc.user.UserLoginFromFinancialInstitution" tests="3" failures="0" timestamp="29 Jan 2015 13:05:33 GMT" time="200.292" errors="0">
  <testcase name="browserSetup" time="4.561" classname="com.fisoc.user.UserLoginFromFinancialInstitution"/>
  <testcase name="loginTestFi" time="195.470" classname="com.fisoc.user.UserLoginFromFinancialInstitution"/>
  <testcase name="browserClose" time="0.261" classname="com.fisoc.user.UserLoginFromFinancialInstitution"/>
</testsuite> <!-- com.fisoc.user.UserLoginFromFinancialInstitution -->
