<?xml version="1.0" encoding="UTF-8"?>
<!-- Generated by org.testng.reporters.JUnitReportReporter -->
<testsuite hostname="PC-2" name="com.fisoc.user.UserSignUpBankTest" tests="1" failures="0" timestamp="17 Mar 2015 10:20:54 GMT" time="39.500" errors="0">
  <testcase name="userSignupBankTest" time="39.500" classname="com.fisoc.user.UserSignUpBankTest"/>
</testsuite> <!-- com.fisoc.user.UserSignUpBankTest -->
