<?xml version="1.0" encoding="UTF-8"?>
<!-- Generated by org.testng.reporters.JUnitReportReporter -->
<testsuite hostname="PC-3" name="com.fisoc.user.UserLoginFromFinancialInstitutionTest" tests="3" failures="0" timestamp="30 Jan 2015 13:54:02 GMT" time="62.598" errors="0">
  <testcase name="browserClose" time="0.235" classname="com.fisoc.user.UserLoginFromFinancialInstitutionTest"/>
  <testcase name="browserSetup" time="3.054" classname="com.fisoc.user.UserLoginFromFinancialInstitutionTest"/>
  <testcase name="loginTestFi" time="59.309" classname="com.fisoc.user.UserLoginFromFinancialInstitutionTest"/>
</testsuite> <!-- com.fisoc.user.UserLoginFromFinancialInstitutionTest -->
