<?xml version="1.0" encoding="UTF-8"?>
<!-- Generated by org.testng.reporters.JUnitReportReporter -->
<testsuite hostname="PC-2" name="com.fisoc.admin.AdminInterstitalsTest" tests="3" failures="0" timestamp="27 Feb 2015 12:20:58 GMT" time="274.019" errors="0">
  <testcase name="adminInterstitals" time="265.801" classname="com.fisoc.admin.AdminInterstitalsTest"/>
  <testcase name="browserClose" time="0.328" classname="com.fisoc.admin.AdminInterstitalsTest"/>
  <testcase name="browserSetup" time="7.890" classname="com.fisoc.admin.AdminInterstitalsTest"/>
</testsuite> <!-- com.fisoc.admin.AdminInterstitalsTest -->
