<?xml version="1.0" encoding="UTF-8"?>
<!-- Generated by org.testng.reporters.JUnitReportReporter -->
<testsuite hostname="PC-2" name="com.fisoc.admin.SetUpMerchanteCaptiveLoyaltyCardTest" tests="1" failures="0" timestamp="18 Mar 2015 07:25:05 GMT" time="55.770" errors="0">
  <testcase name="setUpeRewardTest" time="55.770" classname="com.fisoc.admin.SetUpMerchanteCaptiveLoyaltyCardTest"/>
</testsuite> <!-- com.fisoc.admin.SetUpMerchanteCaptiveLoyaltyCardTest -->
