<?xml version="1.0" encoding="UTF-8"?>
<!-- Generated by org.testng.reporters.JUnitReportReporter -->
<testsuite hostname="PC-3" name="com.fisoc.user.UserSignUpCreditUnion" tests="3" failures="0" timestamp="30 Jan 2015 07:55:55 GMT" time="68.409" errors="0">
  <testcase name="adminLoginTest" time="64.268" classname="com.fisoc.user.UserSignUpCreditUnion"/>
  <testcase name="driverSetup" time="4.003" classname="com.fisoc.user.UserSignUpCreditUnion"/>
  <testcase name="adminPageClose" time="0.138" classname="com.fisoc.user.UserSignUpCreditUnion"/>
</testsuite> <!-- com.fisoc.user.UserSignUpCreditUnion -->
