<?xml version="1.0" encoding="UTF-8"?>
<!-- Generated by org.testng.reporters.JUnitReportReporter -->
<testsuite hostname="PC-2" name="com.fisoc.user.UserLoginPageTest" tests="1" failures="0" timestamp="17 Mar 2015 06:41:59 GMT" time="78.788" errors="0">
  <testcase name="userLoginTest" time="78.788" classname="com.fisoc.user.UserLoginPageTest"/>
</testsuite> <!-- com.fisoc.user.UserLoginPageTest -->
