<?xml version="1.0" encoding="UTF-8"?>
<!-- Generated by org.testng.reporters.JUnitReportReporter -->
<testsuite hostname="PC-2" name="com.fisoc.admin.AddUserCreditPointsTest" tests="1" failures="0" timestamp="18 Mar 2015 12:58:32 GMT" time="72.941" errors="0">
  <testcase name="addUserCreditPointsTest" time="72.941" classname="com.fisoc.admin.AddUserCreditPointsTest"/>
</testsuite> <!-- com.fisoc.admin.AddUserCreditPointsTest -->
