<?xml version="1.0" encoding="UTF-8"?>
<!-- Generated by org.testng.reporters.JUnitReportReporter -->
<testsuite hostname="PC-2" name="com.fisoc.admin.AdminBrowseAllTransactionTest" tests="1" failures="0" timestamp="17 Mar 2015 09:54:57 GMT" time="107.212" errors="0">
  <testcase name="adminBrowseAllTransactions" time="107.212" classname="com.fisoc.admin.AdminBrowseAllTransactionTest"/>
</testsuite> <!-- com.fisoc.admin.AdminBrowseAllTransactionTest -->
