<?xml version="1.0" encoding="UTF-8"?>
<!-- Generated by org.testng.reporters.JUnitReportReporter -->
<testsuite hostname="PC-2" name="com.fisoc.admin.UploadFinancialInstitutionBatchFileTest" tests="1" failures="0" timestamp="17 Mar 2015 10:03:25 GMT" time="38.931" errors="0">
  <testcase name="uploadBatchFileTest" time="38.931" classname="com.fisoc.admin.UploadFinancialInstitutionBatchFileTest"/>
</testsuite> <!-- com.fisoc.admin.UploadFinancialInstitutionBatchFileTest -->
