<?xml version="1.0" encoding="UTF-8"?>
<!-- Generated by org.testng.reporters.JUnitReportReporter -->
<testsuite hostname="PC-3" name="com.fisoc.user.UserLoginFromHomePageTest" tests="3" failures="0" timestamp="9 Feb 2015 09:16:50 GMT" time="28.922" errors="0">
  <testcase name="browserSetup" time="4.817" classname="com.fisoc.user.UserLoginFromHomePageTest"/>
  <testcase name="browserClose" time="0.126" classname="com.fisoc.user.UserLoginFromHomePageTest"/>
  <testcase name="loginTest" time="23.979" classname="com.fisoc.user.UserLoginFromHomePageTest"/>
</testsuite> <!-- com.fisoc.user.UserLoginFromHomePageTest -->
