<?xml version="1.0" encoding="UTF-8"?>
<!-- Generated by org.testng.reporters.JUnitReportReporter -->
<testsuite hostname="PC-2" name="com.fisoc.admin.ManageMerchantRewardsTest" tests="3" failures="0" timestamp="12 Mar 2015 15:45:15 GMT" time="534.265" errors="0">
  <testcase name="browserClose" time="0.632" classname="com.fisoc.admin.ManageMerchantRewardsTest"/>
  <testcase name="browserSetup" time="7.127" classname="com.fisoc.admin.ManageMerchantRewardsTest"/>
  <testcase name="merchantRewardsTestPage" time="526.506" classname="com.fisoc.admin.ManageMerchantRewardsTest"/>
</testsuite> <!-- com.fisoc.admin.ManageMerchantRewardsTest -->
