<?xml version="1.0" encoding="UTF-8"?>
<!-- Generated by org.testng.reporters.JUnitReportReporter -->
<testsuite hostname="PC-3" name="com.fisoc.user.FinancialInstitutionPasswordResetTest" tests="3" failures="0" timestamp="30 Jan 2015 13:54:02 GMT" time="60.313" errors="0">
  <testcase name="financialInstitutePasswordTest" time="57.338" classname="com.fisoc.user.FinancialInstitutionPasswordResetTest"/>
  <testcase name="browserSetup" time="2.772" classname="com.fisoc.user.FinancialInstitutionPasswordResetTest"/>
  <testcase name="browserClose" time="0.203" classname="com.fisoc.user.FinancialInstitutionPasswordResetTest"/>
</testsuite> <!-- com.fisoc.user.FinancialInstitutionPasswordResetTest -->
