<?xml version="1.0" encoding="UTF-8"?>
<!-- Generated by org.testng.reporters.JUnitReportReporter -->
<testsuite hostname="PC-3" name="com.fisoc.user.UserSignUpBank" tests="3" failures="0" timestamp="30 Jan 2015 07:51:58 GMT" time="58.300" errors="0">
  <testcase name="userSignupTest" time="54.597" classname="com.fisoc.user.UserSignUpBank"/>
  <testcase name="browserSetup" time="3.574" classname="com.fisoc.user.UserSignUpBank"/>
  <testcase name="browserClose" time="0.129" classname="com.fisoc.user.UserSignUpBank"/>
</testsuite> <!-- com.fisoc.user.UserSignUpBank -->
