<?xml version="1.0" encoding="UTF-8"?>
<!-- Generated by org.testng.reporters.JUnitReportReporter -->
<testsuite hostname="PC-3" name="com.fisoc.admin.TellerOnBoardForFinancialInstitutionUserTest" tests="3" failures="0" timestamp="18 Feb 2015 07:19:38 GMT" time="79.156" errors="0">
  <testcase name="tellerOnBoard" time="75.017" classname="com.fisoc.admin.TellerOnBoardForFinancialInstitutionUserTest"/>
  <testcase name="browserSetup" time="3.971" classname="com.fisoc.admin.TellerOnBoardForFinancialInstitutionUserTest"/>
  <testcase name="browserClose" time="0.168" classname="com.fisoc.admin.TellerOnBoardForFinancialInstitutionUserTest"/>
</testsuite> <!-- com.fisoc.admin.TellerOnBoardForFinancialInstitutionUserTest -->
