<?xml version="1.0" encoding="UTF-8"?>
<!-- Generated by org.testng.reporters.JUnitReportReporter -->
<testsuite hostname="PC-3" name="com.fisoc.user.UserRedeemForARewardTest" tests="3" failures="0" timestamp="13 Feb 2015 11:59:35 GMT" time="522.889" errors="0">
  <testcase name="userRedeemReward" time="519.016" classname="com.fisoc.user.UserRedeemForARewardTest"/>
  <testcase name="browserSetup" time="3.604" classname="com.fisoc.user.UserRedeemForARewardTest"/>
  <testcase name="browserClose" time="0.269" classname="com.fisoc.user.UserRedeemForARewardTest"/>
</testsuite> <!-- com.fisoc.user.UserRedeemForARewardTest -->
