<?xml version="1.0" encoding="UTF-8"?>
<!-- Generated by org.testng.reporters.JUnitReportReporter -->
<testsuite hostname="PC-3" name="com.fisoc.admin.AdminBrowseAllUsersTest" tests="3" failures="0" timestamp="6 Feb 2015 13:36:00 GMT" time="265.107" errors="0">
  <testcase name="adminBrowseAllUsers" time="260.660" classname="com.fisoc.admin.AdminBrowseAllUsersTest"/>
  <testcase name="browserSetup" time="4.170" classname="com.fisoc.admin.AdminBrowseAllUsersTest"/>
  <testcase name="browserClose" time="0.277" classname="com.fisoc.admin.AdminBrowseAllUsersTest"/>
</testsuite> <!-- com.fisoc.admin.AdminBrowseAllUsersTest -->
