<?xml version="1.0" encoding="UTF-8"?>
<!-- Generated by org.testng.reporters.JUnitReportReporter -->
<testsuite hostname="PC-3" name="com.fisoc.admin.UploadFinancialInstitutionBatchFile" tests="2" failures="0" timestamp="29 Jan 2015 11:27:56 GMT" time="9.697" errors="0">
  <testcase name="adminLoginTest" time="6.502" classname="com.fisoc.admin.UploadFinancialInstitutionBatchFile"/>
  <testcase name="adminPageSetup" time="3.195" classname="com.fisoc.admin.UploadFinancialInstitutionBatchFile"/>
</testsuite> <!-- com.fisoc.admin.UploadFinancialInstitutionBatchFile -->
